2019-05-19 21:43:08,904 0      [           main] DEBUG ache.ibatis.logging.LogFactory  - Logging initialized using 'class org.apache.ibatis.logging.log4j.Log4jImpl' adapter.
2019-05-19 21:43:09,050 146    [           main] DEBUG source.pooled.PooledDataSource  - PooledDataSource forcefully closed/removed all connections.
2019-05-19 21:43:09,050 146    [           main] DEBUG source.pooled.PooledDataSource  - PooledDataSource forcefully closed/removed all connections.
2019-05-19 21:43:09,050 146    [           main] DEBUG source.pooled.PooledDataSource  - PooledDataSource forcefully closed/removed all connections.
2019-05-19 21:43:09,050 146    [           main] DEBUG source.pooled.PooledDataSource  - PooledDataSource forcefully closed/removed all connections.
2019-05-19 21:44:15,929 0      [           main] DEBUG ache.ibatis.logging.LogFactory  - Logging initialized using 'class org.apache.ibatis.logging.log4j.Log4jImpl' adapter.
2019-05-19 21:44:16,031 102    [           main] DEBUG source.pooled.PooledDataSource  - PooledDataSource forcefully closed/removed all connections.
2019-05-19 21:44:16,031 102    [           main] DEBUG source.pooled.PooledDataSource  - PooledDataSource forcefully closed/removed all connections.
2019-05-19 21:44:16,031 102    [           main] DEBUG source.pooled.PooledDataSource  - PooledDataSource forcefully closed/removed all connections.
2019-05-19 21:44:16,031 102    [           main] DEBUG source.pooled.PooledDataSource  - PooledDataSource forcefully closed/removed all connections.
2019-05-19 21:45:17,881 0      [           main] DEBUG ache.ibatis.logging.LogFactory  - Logging initialized using 'class org.apache.ibatis.logging.log4j.Log4jImpl' adapter.
2019-05-19 21:45:17,973 92     [           main] DEBUG ache.ibatis.logging.LogFactory  - Logging initialized using 'class org.apache.ibatis.logging.log4j.Log4jImpl' adapter.
2019-05-19 21:45:18,003 122    [           main] DEBUG source.pooled.PooledDataSource  - PooledDataSource forcefully closed/removed all connections.
2019-05-19 21:45:18,003 122    [           main] DEBUG source.pooled.PooledDataSource  - PooledDataSource forcefully closed/removed all connections.
2019-05-19 21:45:18,003 122    [           main] DEBUG source.pooled.PooledDataSource  - PooledDataSource forcefully closed/removed all connections.
2019-05-19 21:45:18,003 122    [           main] DEBUG source.pooled.PooledDataSource  - PooledDataSource forcefully closed/removed all connections.
2019-05-19 21:45:18,103 222    [           main] DEBUG ansaction.jdbc.JdbcTransaction  - Opening JDBC Connection
2019-05-19 21:45:18,325 444    [           main] DEBUG source.pooled.PooledDataSource  - Created connection 2056418216.
2019-05-19 21:45:18,325 444    [           main] DEBUG ansaction.jdbc.JdbcTransaction  - Setting autocommit to false on JDBC Connection [com.mysql.jdbc.JDBC4Connection@7a9273a8]
2019-05-19 21:45:18,327 446    [           main] DEBUG tis.mapper.ClientMapper.login2  - ==>  Preparing: SELECT id,username,password FROM client WHERE username = ? AND password = ? 
2019-05-19 21:45:18,347 466    [           main] DEBUG tis.mapper.ClientMapper.login2  - ==> Parameters: xiaofan(String), 123456(String)
2019-05-19 21:45:18,366 485    [           main] DEBUG tis.mapper.ClientMapper.login2  - <==      Total: 1
2019-05-19 21:45:18,366 485    [           main] DEBUG ansaction.jdbc.JdbcTransaction  - Resetting autocommit to true on JDBC Connection [com.mysql.jdbc.JDBC4Connection@7a9273a8]
2019-05-19 21:45:18,369 488    [           main] DEBUG ansaction.jdbc.JdbcTransaction  - Closing JDBC Connection [com.mysql.jdbc.JDBC4Connection@7a9273a8]
2019-05-19 21:45:18,370 489    [           main] DEBUG source.pooled.PooledDataSource  - Returned connection 2056418216 to pool.
2019-05-20 03:38:11,156 0      [           main] DEBUG ache.ibatis.logging.LogFactory  - Logging initialized using 'class org.apache.ibatis.logging.log4j.Log4jImpl' adapter.
2019-05-20 03:38:11,328 172    [           main] DEBUG ache.ibatis.logging.LogFactory  - Logging initialized using 'class org.apache.ibatis.logging.log4j.Log4jImpl' adapter.
2019-05-20 03:38:11,377 221    [           main] DEBUG source.pooled.PooledDataSource  - PooledDataSource forcefully closed/removed all connections.
2019-05-20 03:38:11,377 221    [           main] DEBUG source.pooled.PooledDataSource  - PooledDataSource forcefully closed/removed all connections.
2019-05-20 03:38:11,377 221    [           main] DEBUG source.pooled.PooledDataSource  - PooledDataSource forcefully closed/removed all connections.
2019-05-20 03:38:11,377 221    [           main] DEBUG source.pooled.PooledDataSource  - PooledDataSource forcefully closed/removed all connections.
2019-05-20 03:39:59,516 0      [           main] DEBUG ache.ibatis.logging.LogFactory  - Logging initialized using 'class org.apache.ibatis.logging.log4j.Log4jImpl' adapter.
2019-05-20 03:39:59,626 110    [           main] DEBUG ache.ibatis.logging.LogFactory  - Logging initialized using 'class org.apache.ibatis.logging.log4j.Log4jImpl' adapter.
2019-05-20 03:39:59,657 141    [           main] DEBUG source.pooled.PooledDataSource  - PooledDataSource forcefully closed/removed all connections.
2019-05-20 03:39:59,657 141    [           main] DEBUG source.pooled.PooledDataSource  - PooledDataSource forcefully closed/removed all connections.
2019-05-20 03:39:59,657 141    [           main] DEBUG source.pooled.PooledDataSource  - PooledDataSource forcefully closed/removed all connections.
2019-05-20 03:39:59,657 141    [           main] DEBUG source.pooled.PooledDataSource  - PooledDataSource forcefully closed/removed all connections.
2019-05-20 03:40:18,098 0      [           main] DEBUG ache.ibatis.logging.LogFactory  - Logging initialized using 'class org.apache.ibatis.logging.log4j.Log4jImpl' adapter.
2019-05-20 03:40:18,192 94     [           main] DEBUG ache.ibatis.logging.LogFactory  - Logging initialized using 'class org.apache.ibatis.logging.log4j.Log4jImpl' adapter.
2019-05-20 03:40:18,216 118    [           main] DEBUG source.pooled.PooledDataSource  - PooledDataSource forcefully closed/removed all connections.
2019-05-20 03:40:18,216 118    [           main] DEBUG source.pooled.PooledDataSource  - PooledDataSource forcefully closed/removed all connections.
2019-05-20 03:40:18,217 119    [           main] DEBUG source.pooled.PooledDataSource  - PooledDataSource forcefully closed/removed all connections.
2019-05-20 03:40:18,217 119    [           main] DEBUG source.pooled.PooledDataSource  - PooledDataSource forcefully closed/removed all connections.
2019-05-20 03:40:18,362 264    [           main] DEBUG ansaction.jdbc.JdbcTransaction  - Opening JDBC Connection
2019-05-20 03:40:18,594 496    [           main] DEBUG source.pooled.PooledDataSource  - Created connection 1253946629.
2019-05-20 03:40:18,594 496    [           main] DEBUG ansaction.jdbc.JdbcTransaction  - Setting autocommit to false on JDBC Connection [com.mysql.jdbc.JDBC4Connection@4abdb505]
2019-05-20 03:40:18,596 498    [           main] DEBUG lo.mapper.DepartmentMapper.get  - ==>  Preparing: SELECT id,name FROM department WHERE id = ? 
2019-05-20 03:40:18,624 526    [           main] DEBUG lo.mapper.DepartmentMapper.get  - ==> Parameters: 10(Long)
2019-05-20 03:43:08,325 0      [           main] DEBUG ache.ibatis.logging.LogFactory  - Logging initialized using 'class org.apache.ibatis.logging.log4j.Log4jImpl' adapter.
2019-05-20 03:43:08,462 137    [           main] DEBUG ache.ibatis.logging.LogFactory  - Logging initialized using 'class org.apache.ibatis.logging.log4j.Log4jImpl' adapter.
2019-05-20 03:43:08,478 153    [           main] DEBUG source.pooled.PooledDataSource  - PooledDataSource forcefully closed/removed all connections.
2019-05-20 03:43:08,479 154    [           main] DEBUG source.pooled.PooledDataSource  - PooledDataSource forcefully closed/removed all connections.
2019-05-20 03:43:08,479 154    [           main] DEBUG source.pooled.PooledDataSource  - PooledDataSource forcefully closed/removed all connections.
2019-05-20 03:43:08,479 154    [           main] DEBUG source.pooled.PooledDataSource  - PooledDataSource forcefully closed/removed all connections.
2019-05-20 03:43:08,589 264    [           main] DEBUG ansaction.jdbc.JdbcTransaction  - Opening JDBC Connection
2019-05-20 03:43:08,785 460    [           main] DEBUG source.pooled.PooledDataSource  - Created connection 1253946629.
2019-05-20 03:43:08,785 460    [           main] DEBUG ansaction.jdbc.JdbcTransaction  - Setting autocommit to false on JDBC Connection [com.mysql.jdbc.JDBC4Connection@4abdb505]
2019-05-20 03:43:08,788 463    [           main] DEBUG lo.mapper.DepartmentMapper.get  - ==>  Preparing: SELECT id,name FROM department WHERE id = ? 
2019-05-20 03:43:08,809 484    [           main] DEBUG lo.mapper.DepartmentMapper.get  - ==> Parameters: 10(Long)
2019-05-20 03:43:08,856 531    [           main] DEBUG lo.mapper.DepartmentMapper.get  - <==      Total: 0
2019-05-20 03:43:24,194 0      [           main] DEBUG ache.ibatis.logging.LogFactory  - Logging initialized using 'class org.apache.ibatis.logging.log4j.Log4jImpl' adapter.
2019-05-20 03:43:24,292 98     [           main] DEBUG ache.ibatis.logging.LogFactory  - Logging initialized using 'class org.apache.ibatis.logging.log4j.Log4jImpl' adapter.
2019-05-20 03:43:24,316 122    [           main] DEBUG source.pooled.PooledDataSource  - PooledDataSource forcefully closed/removed all connections.
2019-05-20 03:43:24,316 122    [           main] DEBUG source.pooled.PooledDataSource  - PooledDataSource forcefully closed/removed all connections.
2019-05-20 03:43:24,316 122    [           main] DEBUG source.pooled.PooledDataSource  - PooledDataSource forcefully closed/removed all connections.
2019-05-20 03:43:24,316 122    [           main] DEBUG source.pooled.PooledDataSource  - PooledDataSource forcefully closed/removed all connections.
2019-05-20 03:43:24,408 214    [           main] DEBUG ansaction.jdbc.JdbcTransaction  - Opening JDBC Connection
2019-05-20 03:43:24,594 400    [           main] DEBUG source.pooled.PooledDataSource  - Created connection 1253946629.
2019-05-20 03:43:24,595 401    [           main] DEBUG ansaction.jdbc.JdbcTransaction  - Setting autocommit to false on JDBC Connection [com.mysql.jdbc.JDBC4Connection@4abdb505]
2019-05-20 03:43:24,597 403    [           main] DEBUG lo.mapper.DepartmentMapper.get  - ==>  Preparing: SELECT id,name FROM department WHERE id = ? 
2019-05-20 03:43:24,625 431    [           main] DEBUG lo.mapper.DepartmentMapper.get  - ==> Parameters: 10(Long)
2019-05-20 03:43:24,638 444    [           main] DEBUG lo.mapper.DepartmentMapper.get  - <==      Total: 0
2019-05-20 03:43:55,756 0      [           main] DEBUG ache.ibatis.logging.LogFactory  - Logging initialized using 'class org.apache.ibatis.logging.log4j.Log4jImpl' adapter.
2019-05-20 03:43:55,863 107    [           main] DEBUG ache.ibatis.logging.LogFactory  - Logging initialized using 'class org.apache.ibatis.logging.log4j.Log4jImpl' adapter.
2019-05-20 03:43:55,889 133    [           main] DEBUG source.pooled.PooledDataSource  - PooledDataSource forcefully closed/removed all connections.
2019-05-20 03:43:55,889 133    [           main] DEBUG source.pooled.PooledDataSource  - PooledDataSource forcefully closed/removed all connections.
2019-05-20 03:43:55,889 133    [           main] DEBUG source.pooled.PooledDataSource  - PooledDataSource forcefully closed/removed all connections.
2019-05-20 03:43:55,889 133    [           main] DEBUG source.pooled.PooledDataSource  - PooledDataSource forcefully closed/removed all connections.
2019-05-20 03:43:55,979 223    [           main] DEBUG ansaction.jdbc.JdbcTransaction  - Opening JDBC Connection
2019-05-20 03:43:56,167 411    [           main] DEBUG source.pooled.PooledDataSource  - Created connection 1253946629.
2019-05-20 03:43:56,168 412    [           main] DEBUG ansaction.jdbc.JdbcTransaction  - Setting autocommit to false on JDBC Connection [com.mysql.jdbc.JDBC4Connection@4abdb505]
2019-05-20 03:43:56,170 414    [           main] DEBUG lo.mapper.DepartmentMapper.get  - ==>  Preparing: SELECT id,name FROM department WHERE id = ? 
2019-05-20 03:43:56,201 445    [           main] DEBUG lo.mapper.DepartmentMapper.get  - ==> Parameters: 10(Long)
2019-05-20 03:43:56,213 457    [           main] DEBUG lo.mapper.DepartmentMapper.get  - <==      Total: 0
2019-05-20 03:44:20,974 0      [           main] DEBUG ache.ibatis.logging.LogFactory  - Logging initialized using 'class org.apache.ibatis.logging.log4j.Log4jImpl' adapter.
2019-05-20 03:44:21,059 85     [           main] DEBUG ache.ibatis.logging.LogFactory  - Logging initialized using 'class org.apache.ibatis.logging.log4j.Log4jImpl' adapter.
2019-05-20 03:44:21,084 110    [           main] DEBUG source.pooled.PooledDataSource  - PooledDataSource forcefully closed/removed all connections.
2019-05-20 03:44:21,084 110    [           main] DEBUG source.pooled.PooledDataSource  - PooledDataSource forcefully closed/removed all connections.
2019-05-20 03:44:21,084 110    [           main] DEBUG source.pooled.PooledDataSource  - PooledDataSource forcefully closed/removed all connections.
2019-05-20 03:44:21,084 110    [           main] DEBUG source.pooled.PooledDataSource  - PooledDataSource forcefully closed/removed all connections.
2019-05-20 03:44:21,174 200    [           main] DEBUG ansaction.jdbc.JdbcTransaction  - Opening JDBC Connection
2019-05-20 03:44:21,369 395    [           main] DEBUG source.pooled.PooledDataSource  - Created connection 1253946629.
2019-05-20 03:44:21,370 396    [           main] DEBUG ansaction.jdbc.JdbcTransaction  - Setting autocommit to false on JDBC Connection [com.mysql.jdbc.JDBC4Connection@4abdb505]
2019-05-20 03:44:21,372 398    [           main] DEBUG lo.mapper.DepartmentMapper.get  - ==>  Preparing: SELECT id,name FROM department WHERE id = ? 
2019-05-20 03:44:21,394 420    [           main] DEBUG lo.mapper.DepartmentMapper.get  - ==> Parameters: 10(Long)
2019-05-20 03:44:21,409 435    [           main] DEBUG lo.mapper.DepartmentMapper.get  - <==      Total: 0
2019-05-20 03:45:23,159 0      [           main] DEBUG ache.ibatis.logging.LogFactory  - Logging initialized using 'class org.apache.ibatis.logging.log4j.Log4jImpl' adapter.
2019-05-20 03:45:23,257 98     [           main] DEBUG ache.ibatis.logging.LogFactory  - Logging initialized using 'class org.apache.ibatis.logging.log4j.Log4jImpl' adapter.
2019-05-20 03:45:23,281 122    [           main] DEBUG source.pooled.PooledDataSource  - PooledDataSource forcefully closed/removed all connections.
2019-05-20 03:45:23,281 122    [           main] DEBUG source.pooled.PooledDataSource  - PooledDataSource forcefully closed/removed all connections.
2019-05-20 03:45:23,281 122    [           main] DEBUG source.pooled.PooledDataSource  - PooledDataSource forcefully closed/removed all connections.
2019-05-20 03:45:23,281 122    [           main] DEBUG source.pooled.PooledDataSource  - PooledDataSource forcefully closed/removed all connections.
2019-05-20 03:45:23,380 221    [           main] DEBUG ansaction.jdbc.JdbcTransaction  - Opening JDBC Connection
2019-05-20 03:45:23,570 411    [           main] DEBUG source.pooled.PooledDataSource  - Created connection 1253946629.
2019-05-20 03:45:23,570 411    [           main] DEBUG ansaction.jdbc.JdbcTransaction  - Setting autocommit to false on JDBC Connection [com.mysql.jdbc.JDBC4Connection@4abdb505]
2019-05-20 03:45:23,573 414    [           main] DEBUG lo.mapper.DepartmentMapper.get  - ==>  Preparing: SELECT id,name FROM department WHERE id = ? 
2019-05-20 03:45:23,605 446    [           main] DEBUG lo.mapper.DepartmentMapper.get  - ==> Parameters: 1(Long)
2019-05-20 03:45:23,619 460    [           main] DEBUG .EmployeeMapper.selectByDeptId  - ====>  Preparing: SELECT id,name,dept_id as deptId FROM employee WHERE dept_id = ? 
2019-05-20 03:45:23,620 461    [           main] DEBUG .EmployeeMapper.selectByDeptId  - ====> Parameters: 1(Integer)
2019-05-20 03:46:06,388 0      [           main] DEBUG ache.ibatis.logging.LogFactory  - Logging initialized using 'class org.apache.ibatis.logging.log4j.Log4jImpl' adapter.
2019-05-20 03:46:06,480 92     [           main] DEBUG ache.ibatis.logging.LogFactory  - Logging initialized using 'class org.apache.ibatis.logging.log4j.Log4jImpl' adapter.
2019-05-20 03:46:06,506 118    [           main] DEBUG source.pooled.PooledDataSource  - PooledDataSource forcefully closed/removed all connections.
2019-05-20 03:46:06,506 118    [           main] DEBUG source.pooled.PooledDataSource  - PooledDataSource forcefully closed/removed all connections.
2019-05-20 03:46:06,506 118    [           main] DEBUG source.pooled.PooledDataSource  - PooledDataSource forcefully closed/removed all connections.
2019-05-20 03:46:06,506 118    [           main] DEBUG source.pooled.PooledDataSource  - PooledDataSource forcefully closed/removed all connections.
2019-05-20 03:46:06,602 214    [           main] DEBUG ansaction.jdbc.JdbcTransaction  - Opening JDBC Connection
2019-05-20 03:46:06,793 405    [           main] DEBUG source.pooled.PooledDataSource  - Created connection 2095490653.
2019-05-20 03:46:06,793 405    [           main] DEBUG ansaction.jdbc.JdbcTransaction  - Setting autocommit to false on JDBC Connection [com.mysql.jdbc.JDBC4Connection@7ce6a65d]
2019-05-20 03:46:06,795 407    [           main] DEBUG lo.mapper.DepartmentMapper.get  - ==>  Preparing: SELECT d.id,d.name, e.id AS e_id ,e.name AS e_name FROM department d JOIN employee e ON d.id = e.dept_id WHERE d.id = ? 
2019-05-20 03:46:06,823 435    [           main] DEBUG lo.mapper.DepartmentMapper.get  - ==> Parameters: 1(Long)
2019-05-20 03:46:37,774 0      [           main] DEBUG ache.ibatis.logging.LogFactory  - Logging initialized using 'class org.apache.ibatis.logging.log4j.Log4jImpl' adapter.
2019-05-20 03:46:37,881 107    [           main] DEBUG ache.ibatis.logging.LogFactory  - Logging initialized using 'class org.apache.ibatis.logging.log4j.Log4jImpl' adapter.
2019-05-20 03:46:37,907 133    [           main] DEBUG source.pooled.PooledDataSource  - PooledDataSource forcefully closed/removed all connections.
2019-05-20 03:46:37,907 133    [           main] DEBUG source.pooled.PooledDataSource  - PooledDataSource forcefully closed/removed all connections.
2019-05-20 03:46:37,907 133    [           main] DEBUG source.pooled.PooledDataSource  - PooledDataSource forcefully closed/removed all connections.
2019-05-20 03:46:37,907 133    [           main] DEBUG source.pooled.PooledDataSource  - PooledDataSource forcefully closed/removed all connections.
2019-05-20 03:46:38,009 235    [           main] DEBUG ansaction.jdbc.JdbcTransaction  - Opening JDBC Connection
2019-05-20 03:46:38,202 428    [           main] DEBUG source.pooled.PooledDataSource  - Created connection 2095490653.
2019-05-20 03:46:38,203 429    [           main] DEBUG ansaction.jdbc.JdbcTransaction  - Setting autocommit to false on JDBC Connection [com.mysql.jdbc.JDBC4Connection@7ce6a65d]
2019-05-20 03:46:38,205 431    [           main] DEBUG lo.mapper.DepartmentMapper.get  - ==>  Preparing: SELECT d.id,d.name, e.id AS e_id ,e.name AS e_name FROM department d JOIN employee e ON d.id = e.dept_id WHERE d.id = ? 
2019-05-20 03:46:38,231 457    [           main] DEBUG lo.mapper.DepartmentMapper.get  - ==> Parameters: 1(Long)
2019-05-20 03:46:38,246 472    [           main] DEBUG lo.mapper.DepartmentMapper.get  - <==      Total: 1
2019-05-20 03:47:35,813 0      [           main] DEBUG ache.ibatis.logging.LogFactory  - Logging initialized using 'class org.apache.ibatis.logging.log4j.Log4jImpl' adapter.
2019-05-20 03:47:35,915 102    [           main] DEBUG ache.ibatis.logging.LogFactory  - Logging initialized using 'class org.apache.ibatis.logging.log4j.Log4jImpl' adapter.
2019-05-20 03:47:35,940 127    [           main] DEBUG source.pooled.PooledDataSource  - PooledDataSource forcefully closed/removed all connections.
2019-05-20 03:47:35,941 128    [           main] DEBUG source.pooled.PooledDataSource  - PooledDataSource forcefully closed/removed all connections.
2019-05-20 03:47:35,941 128    [           main] DEBUG source.pooled.PooledDataSource  - PooledDataSource forcefully closed/removed all connections.
2019-05-20 03:47:35,941 128    [           main] DEBUG source.pooled.PooledDataSource  - PooledDataSource forcefully closed/removed all connections.
2019-05-20 03:47:36,037 224    [           main] DEBUG ansaction.jdbc.JdbcTransaction  - Opening JDBC Connection
2019-05-20 03:47:36,220 407    [           main] DEBUG source.pooled.PooledDataSource  - Created connection 2095490653.
2019-05-20 03:47:36,220 407    [           main] DEBUG ansaction.jdbc.JdbcTransaction  - Setting autocommit to false on JDBC Connection [com.mysql.jdbc.JDBC4Connection@7ce6a65d]
2019-05-20 03:47:36,222 409    [           main] DEBUG lo.mapper.DepartmentMapper.get  - ==>  Preparing: SELECT d.id,d.name, e.id AS e_id ,e.name AS e_name FROM department d JOIN employee e ON d.id = e.dept_id WHERE d.id = ? 
2019-05-20 03:47:36,241 428    [           main] DEBUG lo.mapper.DepartmentMapper.get  - ==> Parameters: 1(Long)
2019-05-20 03:47:36,259 446    [           main] DEBUG lo.mapper.DepartmentMapper.get  - <==      Total: 1
2019-05-20 03:49:42,162 0      [           main] DEBUG ache.ibatis.logging.LogFactory  - Logging initialized using 'class org.apache.ibatis.logging.log4j.Log4jImpl' adapter.
2019-05-20 03:49:42,266 104    [           main] DEBUG ache.ibatis.logging.LogFactory  - Logging initialized using 'class org.apache.ibatis.logging.log4j.Log4jImpl' adapter.
2019-05-20 03:49:42,293 131    [           main] DEBUG source.pooled.PooledDataSource  - PooledDataSource forcefully closed/removed all connections.
2019-05-20 03:49:42,293 131    [           main] DEBUG source.pooled.PooledDataSource  - PooledDataSource forcefully closed/removed all connections.
2019-05-20 03:49:42,294 132    [           main] DEBUG source.pooled.PooledDataSource  - PooledDataSource forcefully closed/removed all connections.
2019-05-20 03:49:42,294 132    [           main] DEBUG source.pooled.PooledDataSource  - PooledDataSource forcefully closed/removed all connections.
2019-05-20 03:49:42,399 237    [           main] DEBUG ansaction.jdbc.JdbcTransaction  - Opening JDBC Connection
2019-05-20 03:49:42,587 425    [           main] DEBUG source.pooled.PooledDataSource  - Created connection 2095490653.
2019-05-20 03:49:42,587 425    [           main] DEBUG ansaction.jdbc.JdbcTransaction  - Setting autocommit to false on JDBC Connection [com.mysql.jdbc.JDBC4Connection@7ce6a65d]
2019-05-20 03:49:42,589 427    [           main] DEBUG lo.mapper.DepartmentMapper.get  - ==>  Preparing: SELECT d.id,d.name, e.id AS e_id ,e.name AS e_name FROM department d JOIN employee e ON d.id = e.dept_id WHERE d.id = ? 
2019-05-20 03:49:42,623 461    [           main] DEBUG lo.mapper.DepartmentMapper.get  - ==> Parameters: 1(Long)
2019-05-20 03:50:03,028 0      [           main] DEBUG ache.ibatis.logging.LogFactory  - Logging initialized using 'class org.apache.ibatis.logging.log4j.Log4jImpl' adapter.
2019-05-20 03:50:03,125 97     [           main] DEBUG ache.ibatis.logging.LogFactory  - Logging initialized using 'class org.apache.ibatis.logging.log4j.Log4jImpl' adapter.
2019-05-20 03:50:03,151 123    [           main] DEBUG source.pooled.PooledDataSource  - PooledDataSource forcefully closed/removed all connections.
2019-05-20 03:50:03,151 123    [           main] DEBUG source.pooled.PooledDataSource  - PooledDataSource forcefully closed/removed all connections.
2019-05-20 03:50:03,151 123    [           main] DEBUG source.pooled.PooledDataSource  - PooledDataSource forcefully closed/removed all connections.
2019-05-20 03:50:03,151 123    [           main] DEBUG source.pooled.PooledDataSource  - PooledDataSource forcefully closed/removed all connections.
2019-05-20 03:50:03,240 212    [           main] DEBUG ansaction.jdbc.JdbcTransaction  - Opening JDBC Connection
2019-05-20 03:50:03,428 400    [           main] DEBUG source.pooled.PooledDataSource  - Created connection 2095490653.
2019-05-20 03:50:03,428 400    [           main] DEBUG ansaction.jdbc.JdbcTransaction  - Setting autocommit to false on JDBC Connection [com.mysql.jdbc.JDBC4Connection@7ce6a65d]
2019-05-20 03:50:03,430 402    [           main] DEBUG lo.mapper.DepartmentMapper.get  - ==>  Preparing: SELECT d.id,d.name, e.id AS e_id ,e.name AS e_name FROM department d JOIN employee e ON d.id = e.dept_id WHERE d.id = ? 
2019-05-20 03:50:03,465 437    [           main] DEBUG lo.mapper.DepartmentMapper.get  - ==> Parameters: 1(Long)
2019-05-20 03:50:03,479 451    [           main] DEBUG lo.mapper.DepartmentMapper.get  - <==      Total: 1
2019-05-20 03:51:05,499 0      [           main] DEBUG ache.ibatis.logging.LogFactory  - Logging initialized using 'class org.apache.ibatis.logging.log4j.Log4jImpl' adapter.
2019-05-20 03:51:05,614 115    [           main] DEBUG ache.ibatis.logging.LogFactory  - Logging initialized using 'class org.apache.ibatis.logging.log4j.Log4jImpl' adapter.
2019-05-20 03:51:05,630 131    [           main] DEBUG source.pooled.PooledDataSource  - PooledDataSource forcefully closed/removed all connections.
2019-05-20 03:51:05,630 131    [           main] DEBUG source.pooled.PooledDataSource  - PooledDataSource forcefully closed/removed all connections.
2019-05-20 03:51:05,630 131    [           main] DEBUG source.pooled.PooledDataSource  - PooledDataSource forcefully closed/removed all connections.
2019-05-20 03:51:05,630 131    [           main] DEBUG source.pooled.PooledDataSource  - PooledDataSource forcefully closed/removed all connections.
2019-05-20 03:51:05,729 230    [           main] DEBUG ansaction.jdbc.JdbcTransaction  - Opening JDBC Connection
2019-05-20 03:51:05,922 423    [           main] DEBUG source.pooled.PooledDataSource  - Created connection 2095490653.
2019-05-20 03:51:05,923 424    [           main] DEBUG ansaction.jdbc.JdbcTransaction  - Setting autocommit to false on JDBC Connection [com.mysql.jdbc.JDBC4Connection@7ce6a65d]
2019-05-20 03:51:05,925 426    [           main] DEBUG lo.mapper.DepartmentMapper.get  - ==>  Preparing: SELECT d.id,d.name, e.id AS e_id ,e.name AS e_name FROM department d JOIN employee e ON d.id = e.dept_id WHERE d.id = ? 
2019-05-20 03:51:05,949 450    [           main] DEBUG lo.mapper.DepartmentMapper.get  - ==> Parameters: 10(Long)
2019-05-20 03:51:05,963 464    [           main] DEBUG lo.mapper.DepartmentMapper.get  - <==      Total: 0
2019-05-20 03:51:52,017 0      [           main] DEBUG ache.ibatis.logging.LogFactory  - Logging initialized using 'class org.apache.ibatis.logging.log4j.Log4jImpl' adapter.
2019-05-20 03:51:52,136 119    [           main] DEBUG ache.ibatis.logging.LogFactory  - Logging initialized using 'class org.apache.ibatis.logging.log4j.Log4jImpl' adapter.
2019-05-20 03:51:52,153 136    [           main] DEBUG source.pooled.PooledDataSource  - PooledDataSource forcefully closed/removed all connections.
2019-05-20 03:51:52,153 136    [           main] DEBUG source.pooled.PooledDataSource  - PooledDataSource forcefully closed/removed all connections.
2019-05-20 03:51:52,154 137    [           main] DEBUG source.pooled.PooledDataSource  - PooledDataSource forcefully closed/removed all connections.
2019-05-20 03:51:52,154 137    [           main] DEBUG source.pooled.PooledDataSource  - PooledDataSource forcefully closed/removed all connections.
2019-05-20 03:51:52,254 237    [           main] DEBUG ansaction.jdbc.JdbcTransaction  - Opening JDBC Connection
2019-05-20 03:51:52,445 428    [           main] DEBUG source.pooled.PooledDataSource  - Created connection 2095490653.
2019-05-20 03:51:52,446 429    [           main] DEBUG ansaction.jdbc.JdbcTransaction  - Setting autocommit to false on JDBC Connection [com.mysql.jdbc.JDBC4Connection@7ce6a65d]
2019-05-20 03:51:52,448 431    [           main] DEBUG lo.mapper.DepartmentMapper.get  - ==>  Preparing: SELECT d.id,d.name, e.id AS e_id ,e.name AS e_name FROM department d JOIN employee e ON d.id = e.dept_id WHERE d.id = ? 
2019-05-20 03:51:52,477 460    [           main] DEBUG lo.mapper.DepartmentMapper.get  - ==> Parameters: 1(Long)
2019-05-20 03:51:52,489 472    [           main] DEBUG lo.mapper.DepartmentMapper.get  - <==      Total: 1
2019-05-20 03:52:50,538 0      [           main] DEBUG ache.ibatis.logging.LogFactory  - Logging initialized using 'class org.apache.ibatis.logging.log4j.Log4jImpl' adapter.
2019-05-20 03:52:50,636 98     [           main] DEBUG ache.ibatis.logging.LogFactory  - Logging initialized using 'class org.apache.ibatis.logging.log4j.Log4jImpl' adapter.
2019-05-20 03:52:50,665 127    [           main] DEBUG source.pooled.PooledDataSource  - PooledDataSource forcefully closed/removed all connections.
2019-05-20 03:52:50,665 127    [           main] DEBUG source.pooled.PooledDataSource  - PooledDataSource forcefully closed/removed all connections.
2019-05-20 03:52:50,665 127    [           main] DEBUG source.pooled.PooledDataSource  - PooledDataSource forcefully closed/removed all connections.
2019-05-20 03:52:50,665 127    [           main] DEBUG source.pooled.PooledDataSource  - PooledDataSource forcefully closed/removed all connections.
2019-05-20 03:52:50,776 238    [           main] DEBUG ansaction.jdbc.JdbcTransaction  - Opening JDBC Connection
2019-05-20 03:52:50,960 422    [           main] DEBUG source.pooled.PooledDataSource  - Created connection 2095490653.
2019-05-20 03:52:50,960 422    [           main] DEBUG ansaction.jdbc.JdbcTransaction  - Setting autocommit to false on JDBC Connection [com.mysql.jdbc.JDBC4Connection@7ce6a65d]
2019-05-20 03:52:50,962 424    [           main] DEBUG lo.mapper.DepartmentMapper.get  - ==>  Preparing: SELECT d.id,d.name, e.id AS e_id ,e.name AS e_name FROM department d left JOIN employee e ON d.id = e.dept_id WHERE d.id = ? 
2019-05-20 03:52:50,987 449    [           main] DEBUG lo.mapper.DepartmentMapper.get  - ==> Parameters: 1(Long)
2019-05-20 03:52:51,002 464    [           main] DEBUG lo.mapper.DepartmentMapper.get  - <==      Total: 1
2019-05-20 03:55:13,716 0      [           main] DEBUG ache.ibatis.logging.LogFactory  - Logging initialized using 'class org.apache.ibatis.logging.log4j.Log4jImpl' adapter.
2019-05-20 03:55:13,815 99     [           main] DEBUG ache.ibatis.logging.LogFactory  - Logging initialized using 'class org.apache.ibatis.logging.log4j.Log4jImpl' adapter.
2019-05-20 03:55:13,843 127    [           main] DEBUG source.pooled.PooledDataSource  - PooledDataSource forcefully closed/removed all connections.
2019-05-20 03:55:13,843 127    [           main] DEBUG source.pooled.PooledDataSource  - PooledDataSource forcefully closed/removed all connections.
2019-05-20 03:55:13,843 127    [           main] DEBUG source.pooled.PooledDataSource  - PooledDataSource forcefully closed/removed all connections.
2019-05-20 03:55:13,843 127    [           main] DEBUG source.pooled.PooledDataSource  - PooledDataSource forcefully closed/removed all connections.
2019-05-20 03:55:13,946 230    [           main] DEBUG ansaction.jdbc.JdbcTransaction  - Opening JDBC Connection
2019-05-20 03:55:14,133 417    [           main] DEBUG source.pooled.PooledDataSource  - Created connection 2095490653.
2019-05-20 03:55:14,133 417    [           main] DEBUG ansaction.jdbc.JdbcTransaction  - Setting autocommit to false on JDBC Connection [com.mysql.jdbc.JDBC4Connection@7ce6a65d]
2019-05-20 03:55:14,136 420    [           main] DEBUG lo.mapper.DepartmentMapper.get  - ==>  Preparing: SELECT d.id,d.name, e.id AS e_id ,e.name AS e_name FROM department d left JOIN employee e ON d.id = e.dept_id WHERE d.id = ? 
2019-05-20 03:55:14,165 449    [           main] DEBUG lo.mapper.DepartmentMapper.get  - ==> Parameters: 1(Long)
2019-05-20 03:55:14,179 463    [           main] DEBUG lo.mapper.DepartmentMapper.get  - <==      Total: 1
2019-05-20 03:55:45,608 0      [           main] DEBUG ache.ibatis.logging.LogFactory  - Logging initialized using 'class org.apache.ibatis.logging.log4j.Log4jImpl' adapter.
2019-05-20 03:55:45,726 118    [           main] DEBUG ache.ibatis.logging.LogFactory  - Logging initialized using 'class org.apache.ibatis.logging.log4j.Log4jImpl' adapter.
2019-05-20 03:55:45,742 134    [           main] DEBUG source.pooled.PooledDataSource  - PooledDataSource forcefully closed/removed all connections.
2019-05-20 03:55:45,742 134    [           main] DEBUG source.pooled.PooledDataSource  - PooledDataSource forcefully closed/removed all connections.
2019-05-20 03:55:45,742 134    [           main] DEBUG source.pooled.PooledDataSource  - PooledDataSource forcefully closed/removed all connections.
2019-05-20 03:55:45,743 135    [           main] DEBUG source.pooled.PooledDataSource  - PooledDataSource forcefully closed/removed all connections.
2019-05-20 03:55:45,839 231    [           main] DEBUG ansaction.jdbc.JdbcTransaction  - Opening JDBC Connection
2019-05-20 03:55:46,029 421    [           main] DEBUG source.pooled.PooledDataSource  - Created connection 2095490653.
2019-05-20 03:55:46,029 421    [           main] DEBUG ansaction.jdbc.JdbcTransaction  - Setting autocommit to false on JDBC Connection [com.mysql.jdbc.JDBC4Connection@7ce6a65d]
2019-05-20 03:55:46,031 423    [           main] DEBUG lo.mapper.DepartmentMapper.get  - ==>  Preparing: SELECT d.id,d.name, e.id AS e_id ,e.name AS e_name FROM department d left JOIN employee e ON d.id = e.dept_id WHERE d.id = ? 
2019-05-20 03:55:46,056 448    [           main] DEBUG lo.mapper.DepartmentMapper.get  - ==> Parameters: 1(Long)
2019-05-20 03:55:46,073 465    [           main] DEBUG lo.mapper.DepartmentMapper.get  - <==      Total: 1
2019-05-24 00:31:22,672 0      [           main] DEBUG ache.ibatis.logging.LogFactory  - Logging initialized using 'class org.apache.ibatis.logging.log4j.Log4jImpl' adapter.
2019-05-24 00:31:22,893 221    [           main] DEBUG ache.ibatis.logging.LogFactory  - Logging initialized using 'class org.apache.ibatis.logging.log4j.Log4jImpl' adapter.
2019-05-24 00:31:22,944 272    [           main] DEBUG source.pooled.PooledDataSource  - PooledDataSource forcefully closed/removed all connections.
2019-05-24 00:31:22,944 272    [           main] DEBUG source.pooled.PooledDataSource  - PooledDataSource forcefully closed/removed all connections.
2019-05-24 00:31:22,944 272    [           main] DEBUG source.pooled.PooledDataSource  - PooledDataSource forcefully closed/removed all connections.
2019-05-24 00:31:22,944 272    [           main] DEBUG source.pooled.PooledDataSource  - PooledDataSource forcefully closed/removed all connections.
2019-05-24 00:31:23,181 509    [           main] DEBUG ansaction.jdbc.JdbcTransaction  - Opening JDBC Connection
2019-05-24 00:31:23,729 1057   [           main] DEBUG source.pooled.PooledDataSource  - Created connection 2095490653.
2019-05-24 00:31:23,729 1057   [           main] DEBUG ansaction.jdbc.JdbcTransaction  - Setting autocommit to false on JDBC Connection [com.mysql.jdbc.JDBC4Connection@7ce6a65d]
2019-05-24 00:31:23,733 1061   [           main] DEBUG lo.mapper.DepartmentMapper.get  - ==>  Preparing: SELECT d.id,d.name, e.id AS e_id ,e.name AS e_name FROM department d left JOIN employee e ON d.id = e.dept_id WHERE d.id = ? 
2019-05-24 00:31:23,779 1107   [           main] DEBUG lo.mapper.DepartmentMapper.get  - ==> Parameters: 1(Long)
2019-05-24 00:31:23,815 1143   [           main] DEBUG lo.mapper.DepartmentMapper.get  - <==      Total: 1
2019-05-24 00:37:49,984 0      [           main] DEBUG ache.ibatis.logging.LogFactory  - Logging initialized using 'class org.apache.ibatis.logging.log4j.Log4jImpl' adapter.
2019-05-24 00:37:50,133 149    [           main] DEBUG ache.ibatis.logging.LogFactory  - Logging initialized using 'class org.apache.ibatis.logging.log4j.Log4jImpl' adapter.
2019-05-24 00:37:50,168 184    [           main] DEBUG source.pooled.PooledDataSource  - PooledDataSource forcefully closed/removed all connections.
2019-05-24 00:37:50,168 184    [           main] DEBUG source.pooled.PooledDataSource  - PooledDataSource forcefully closed/removed all connections.
2019-05-24 00:37:50,169 185    [           main] DEBUG source.pooled.PooledDataSource  - PooledDataSource forcefully closed/removed all connections.
2019-05-24 00:37:50,169 185    [           main] DEBUG source.pooled.PooledDataSource  - PooledDataSource forcefully closed/removed all connections.
2019-05-24 00:37:50,339 355    [           main] DEBUG ansaction.jdbc.JdbcTransaction  - Opening JDBC Connection
2019-05-24 00:37:50,611 627    [           main] DEBUG source.pooled.PooledDataSource  - Created connection 2095490653.
2019-05-24 00:37:50,617 633    [           main] DEBUG ansaction.jdbc.JdbcTransaction  - Setting autocommit to false on JDBC Connection [com.mysql.jdbc.JDBC4Connection@7ce6a65d]
2019-05-24 00:37:50,620 636    [           main] DEBUG lo.mapper.DepartmentMapper.get  - ==>  Preparing: SELECT d.id,d.name, e.id AS e_id ,e.name AS e_name FROM department d left JOIN employee e ON d.id = e.dept_id WHERE d.id = ? 
2019-05-24 00:37:50,693 709    [           main] DEBUG lo.mapper.DepartmentMapper.get  - ==> Parameters: 1(Long)
2019-05-24 00:37:50,736 752    [           main] DEBUG lo.mapper.DepartmentMapper.get  - <==      Total: 1
2019-05-24 00:39:36,101 0      [           main] DEBUG ache.ibatis.logging.LogFactory  - Logging initialized using 'class org.apache.ibatis.logging.log4j.Log4jImpl' adapter.
2019-05-24 00:39:36,259 158    [           main] DEBUG ache.ibatis.logging.LogFactory  - Logging initialized using 'class org.apache.ibatis.logging.log4j.Log4jImpl' adapter.
2019-05-24 00:39:36,281 180    [           main] DEBUG source.pooled.PooledDataSource  - PooledDataSource forcefully closed/removed all connections.
2019-05-24 00:39:36,281 180    [           main] DEBUG source.pooled.PooledDataSource  - PooledDataSource forcefully closed/removed all connections.
2019-05-24 00:39:36,281 180    [           main] DEBUG source.pooled.PooledDataSource  - PooledDataSource forcefully closed/removed all connections.
2019-05-24 00:39:36,281 180    [           main] DEBUG source.pooled.PooledDataSource  - PooledDataSource forcefully closed/removed all connections.
2019-05-24 00:39:36,423 322    [           main] DEBUG ansaction.jdbc.JdbcTransaction  - Opening JDBC Connection
2019-05-24 00:39:36,680 579    [           main] DEBUG source.pooled.PooledDataSource  - Created connection 2095490653.
2019-05-24 00:39:36,680 579    [           main] DEBUG ansaction.jdbc.JdbcTransaction  - Setting autocommit to false on JDBC Connection [com.mysql.jdbc.JDBC4Connection@7ce6a65d]
2019-05-24 00:39:36,683 582    [           main] DEBUG lo.mapper.DepartmentMapper.get  - ==>  Preparing: SELECT d.id,d.name, e.id AS e_id ,e.name AS e_name FROM department d left JOIN employee e ON d.id = e.dept_id WHERE d.id = ? 
2019-05-24 00:39:36,711 610    [           main] DEBUG lo.mapper.DepartmentMapper.get  - ==> Parameters: 1(Long)
2019-05-24 00:39:36,735 634    [           main] DEBUG lo.mapper.DepartmentMapper.get  - <==      Total: 1
2019-05-24 00:45:55,628 0      [           main] DEBUG ache.ibatis.logging.LogFactory  - Logging initialized using 'class org.apache.ibatis.logging.log4j.Log4jImpl' adapter.
2019-05-24 00:45:55,839 211    [           main] DEBUG ache.ibatis.logging.LogFactory  - Logging initialized using 'class org.apache.ibatis.logging.log4j.Log4jImpl' adapter.
2019-05-24 00:45:55,870 242    [           main] DEBUG source.pooled.PooledDataSource  - PooledDataSource forcefully closed/removed all connections.
2019-05-24 00:45:55,870 242    [           main] DEBUG source.pooled.PooledDataSource  - PooledDataSource forcefully closed/removed all connections.
2019-05-24 00:45:55,871 243    [           main] DEBUG source.pooled.PooledDataSource  - PooledDataSource forcefully closed/removed all connections.
2019-05-24 00:45:55,871 243    [           main] DEBUG source.pooled.PooledDataSource  - PooledDataSource forcefully closed/removed all connections.
2019-05-24 00:45:56,061 433    [           main] DEBUG ansaction.jdbc.JdbcTransaction  - Opening JDBC Connection
2019-05-24 00:45:56,358 730    [           main] DEBUG source.pooled.PooledDataSource  - Created connection 2095490653.
2019-05-24 00:45:56,358 730    [           main] DEBUG ansaction.jdbc.JdbcTransaction  - Setting autocommit to false on JDBC Connection [com.mysql.jdbc.JDBC4Connection@7ce6a65d]
2019-05-24 00:45:56,363 735    [           main] DEBUG lo.mapper.DepartmentMapper.get  - ==>  Preparing: SELECT d.id,d.name, e.id AS e_id ,e.name AS e_name ,e.dept_Id as e_deptId FROM department d left JOIN employee e ON d.id = e.dept_id WHERE d.id = ? 
2019-05-24 00:45:56,391 763    [           main] DEBUG lo.mapper.DepartmentMapper.get  - ==> Parameters: 1(Long)
2019-05-24 00:45:56,426 798    [           main] DEBUG lo.mapper.DepartmentMapper.get  - <==      Total: 1
2019-05-24 00:46:16,732 0      [           main] DEBUG ache.ibatis.logging.LogFactory  - Logging initialized using 'class org.apache.ibatis.logging.log4j.Log4jImpl' adapter.
2019-05-24 00:46:16,872 140    [           main] DEBUG ache.ibatis.logging.LogFactory  - Logging initialized using 'class org.apache.ibatis.logging.log4j.Log4jImpl' adapter.
2019-05-24 00:46:16,911 179    [           main] DEBUG source.pooled.PooledDataSource  - PooledDataSource forcefully closed/removed all connections.
2019-05-24 00:46:16,911 179    [           main] DEBUG source.pooled.PooledDataSource  - PooledDataSource forcefully closed/removed all connections.
2019-05-24 00:46:16,911 179    [           main] DEBUG source.pooled.PooledDataSource  - PooledDataSource forcefully closed/removed all connections.
2019-05-24 00:46:16,912 180    [           main] DEBUG source.pooled.PooledDataSource  - PooledDataSource forcefully closed/removed all connections.
2019-05-24 00:46:17,050 318    [           main] DEBUG ansaction.jdbc.JdbcTransaction  - Opening JDBC Connection
2019-05-24 00:46:17,332 600    [           main] DEBUG source.pooled.PooledDataSource  - Created connection 2095490653.
2019-05-24 00:46:17,333 601    [           main] DEBUG ansaction.jdbc.JdbcTransaction  - Setting autocommit to false on JDBC Connection [com.mysql.jdbc.JDBC4Connection@7ce6a65d]
2019-05-24 00:46:17,337 605    [           main] DEBUG lo.mapper.DepartmentMapper.get  - ==>  Preparing: SELECT d.id,d.name, e.id AS e_id ,e.name AS e_name ,e.dept_Id as e_deptId FROM department d left JOIN employee e ON d.id = e.dept_id WHERE d.id = ? 
2019-05-24 00:46:17,370 638    [           main] DEBUG lo.mapper.DepartmentMapper.get  - ==> Parameters: 1(Long)
2019-05-24 00:46:17,397 665    [           main] DEBUG lo.mapper.DepartmentMapper.get  - <==      Total: 1
2019-05-25 19:33:10,824 1      [           main] DEBUG ache.ibatis.logging.LogFactory  - Logging initialized using 'class org.apache.ibatis.logging.log4j.Log4jImpl' adapter.
2019-05-25 19:33:10,934 111    [           main] DEBUG ache.ibatis.logging.LogFactory  - Logging initialized using 'class org.apache.ibatis.logging.log4j.Log4jImpl' adapter.
2019-05-25 19:33:10,959 136    [           main] DEBUG source.pooled.PooledDataSource  - PooledDataSource forcefully closed/removed all connections.
2019-05-25 19:33:10,959 136    [           main] DEBUG source.pooled.PooledDataSource  - PooledDataSource forcefully closed/removed all connections.
2019-05-25 19:33:10,960 137    [           main] DEBUG source.pooled.PooledDataSource  - PooledDataSource forcefully closed/removed all connections.
2019-05-25 19:33:10,960 137    [           main] DEBUG source.pooled.PooledDataSource  - PooledDataSource forcefully closed/removed all connections.
2019-05-25 19:33:11,086 263    [           main] DEBUG ansaction.jdbc.JdbcTransaction  - Opening JDBC Connection
2019-05-25 19:33:11,280 457    [           main] DEBUG source.pooled.PooledDataSource  - Created connection 2095490653.
2019-05-25 19:33:11,280 457    [           main] DEBUG ansaction.jdbc.JdbcTransaction  - Setting autocommit to false on JDBC Connection [com.mysql.jdbc.JDBC4Connection@7ce6a65d]
2019-05-25 19:33:11,282 459    [           main] DEBUG lo.mapper.DepartmentMapper.get  - ==>  Preparing: SELECT d.id,d.name, e.id AS e_id ,e.name AS e_name ,e.dept_Id as e_deptId FROM department d left JOIN employee e ON d.id = e.dept_id WHERE d.id = ? 
2019-05-25 19:33:11,306 483    [           main] DEBUG lo.mapper.DepartmentMapper.get  - ==> Parameters: 1(Long)
2019-05-25 19:33:11,322 499    [           main] DEBUG lo.mapper.DepartmentMapper.get  - <==      Total: 1
2019-05-25 19:33:22,654 0      [           main] DEBUG ache.ibatis.logging.LogFactory  - Logging initialized using 'class org.apache.ibatis.logging.log4j.Log4jImpl' adapter.
2019-05-25 19:33:22,764 110    [           main] DEBUG ache.ibatis.logging.LogFactory  - Logging initialized using 'class org.apache.ibatis.logging.log4j.Log4jImpl' adapter.
2019-05-25 19:33:22,789 135    [           main] DEBUG source.pooled.PooledDataSource  - PooledDataSource forcefully closed/removed all connections.
2019-05-25 19:33:22,789 135    [           main] DEBUG source.pooled.PooledDataSource  - PooledDataSource forcefully closed/removed all connections.
2019-05-25 19:33:22,789 135    [           main] DEBUG source.pooled.PooledDataSource  - PooledDataSource forcefully closed/removed all connections.
2019-05-25 19:33:22,789 135    [           main] DEBUG source.pooled.PooledDataSource  - PooledDataSource forcefully closed/removed all connections.
2019-05-25 19:33:22,897 243    [           main] DEBUG ansaction.jdbc.JdbcTransaction  - Opening JDBC Connection
2019-05-25 19:33:23,084 430    [           main] DEBUG source.pooled.PooledDataSource  - Created connection 2095490653.
2019-05-25 19:33:23,084 430    [           main] DEBUG ansaction.jdbc.JdbcTransaction  - Setting autocommit to false on JDBC Connection [com.mysql.jdbc.JDBC4Connection@7ce6a65d]
2019-05-25 19:33:23,087 433    [           main] DEBUG lo.mapper.DepartmentMapper.get  - ==>  Preparing: SELECT d.id,d.name, e.id AS e_id ,e.name AS e_name ,e.dept_Id as e_deptId FROM department d left JOIN employee e ON d.id = e.dept_id WHERE d.id = ? 
2019-05-25 19:33:23,110 456    [           main] DEBUG lo.mapper.DepartmentMapper.get  - ==> Parameters: 1(Long)
2019-05-25 19:33:23,134 480    [           main] DEBUG lo.mapper.DepartmentMapper.get  - <==      Total: 1
2019-05-25 19:33:30,922 0      [           main] DEBUG ache.ibatis.logging.LogFactory  - Logging initialized using 'class org.apache.ibatis.logging.log4j.Log4jImpl' adapter.
2019-05-25 19:33:31,029 107    [           main] DEBUG ache.ibatis.logging.LogFactory  - Logging initialized using 'class org.apache.ibatis.logging.log4j.Log4jImpl' adapter.
2019-05-25 19:33:31,056 134    [           main] DEBUG source.pooled.PooledDataSource  - PooledDataSource forcefully closed/removed all connections.
2019-05-25 19:33:31,056 134    [           main] DEBUG source.pooled.PooledDataSource  - PooledDataSource forcefully closed/removed all connections.
2019-05-25 19:33:31,056 134    [           main] DEBUG source.pooled.PooledDataSource  - PooledDataSource forcefully closed/removed all connections.
2019-05-25 19:33:31,056 134    [           main] DEBUG source.pooled.PooledDataSource  - PooledDataSource forcefully closed/removed all connections.
2019-05-25 19:33:31,152 230    [           main] DEBUG ansaction.jdbc.JdbcTransaction  - Opening JDBC Connection
2019-05-25 19:33:31,350 428    [           main] DEBUG source.pooled.PooledDataSource  - Created connection 2095490653.
2019-05-25 19:33:31,350 428    [           main] DEBUG ansaction.jdbc.JdbcTransaction  - Setting autocommit to false on JDBC Connection [com.mysql.jdbc.JDBC4Connection@7ce6a65d]
2019-05-25 19:33:31,352 430    [           main] DEBUG lo.mapper.DepartmentMapper.get  - ==>  Preparing: SELECT d.id,d.name, e.id AS e_id ,e.name AS e_name ,e.dept_Id as e_deptId FROM department d left JOIN employee e ON d.id = e.dept_id WHERE d.id = ? 
2019-05-25 19:33:31,383 461    [           main] DEBUG lo.mapper.DepartmentMapper.get  - ==> Parameters: 1(Long)
2019-05-25 19:33:31,403 481    [           main] DEBUG lo.mapper.DepartmentMapper.get  - <==      Total: 1
2019-05-25 19:37:02,617 0      [           main] DEBUG ache.ibatis.logging.LogFactory  - Logging initialized using 'class org.apache.ibatis.logging.log4j.Log4jImpl' adapter.
2019-05-25 19:37:02,733 116    [           main] DEBUG ache.ibatis.logging.LogFactory  - Logging initialized using 'class org.apache.ibatis.logging.log4j.Log4jImpl' adapter.
2019-05-25 19:37:02,759 142    [           main] DEBUG source.pooled.PooledDataSource  - PooledDataSource forcefully closed/removed all connections.
2019-05-25 19:37:02,759 142    [           main] DEBUG source.pooled.PooledDataSource  - PooledDataSource forcefully closed/removed all connections.
2019-05-25 19:37:02,759 142    [           main] DEBUG source.pooled.PooledDataSource  - PooledDataSource forcefully closed/removed all connections.
2019-05-25 19:37:02,759 142    [           main] DEBUG source.pooled.PooledDataSource  - PooledDataSource forcefully closed/removed all connections.
2019-05-25 19:37:02,861 244    [           main] DEBUG ansaction.jdbc.JdbcTransaction  - Opening JDBC Connection
2019-05-25 19:37:03,056 439    [           main] DEBUG source.pooled.PooledDataSource  - Created connection 2095490653.
2019-05-25 19:37:03,056 439    [           main] DEBUG ansaction.jdbc.JdbcTransaction  - Setting autocommit to false on JDBC Connection [com.mysql.jdbc.JDBC4Connection@7ce6a65d]
2019-05-25 19:37:03,059 442    [           main] DEBUG lo.mapper.DepartmentMapper.get  - ==>  Preparing: SELECT d.id,d.name, e.id AS e_id ,e.name AS e_name ,e.dept_Id as e_deptId FROM department d left JOIN employee e ON d.id = e.dept_id WHERE d.id = ? 
2019-05-25 19:37:03,080 463    [           main] DEBUG lo.mapper.DepartmentMapper.get  - ==> Parameters: 1(Long)
2019-05-25 19:37:03,096 479    [           main] DEBUG lo.mapper.DepartmentMapper.get  - <==      Total: 1
